<?xml version="1.0" encoding="utf-8"?><testsuites name="pytest tests"><testsuite name="pytest" errors="0" failures="0" skipped="0" tests="9" time="2.184" timestamp="2026-09-11T17:04:09.688197+00:00" hostname="agent-env-b62023c6-eba5-43a8-83d1-8b7124d74acc"><testcase classname="tests.test_public_api_regression" name="test_admin_login_wrong_credentials" time="0.166" /><testcase classname="tests.test_public_api_regression" name="test_admin_login_correct_credentials" time="0.040" /><testcase classname="tests.test_public_api_regression" name="test_list_articles_public" time="0.041" /><testcase classname="tests.test_public_api_regression" name="test_article_crud_create_get_update_delete" time="1.113" /><testcase classname="tests.test_public_api_regression" name="test_article_create_requires_auth" time="0.038" /><testcase classname="tests.test_public_api_regression" name="test_upload_png_and_retrieve" time="0.204" /><testcase classname="tests.test_public_api_regression" name="test_upload_invalid_format_rejected" time="0.078" /><testcase classname="tests.test_public_api_regression" name="test_upload_requires_auth" time="0.155" /><testcase classname="tests.test_public_api_regression" name="test_cleanup_created_articles" time="0.000" /></testsuite></testsuites>